<?xml version="1.0" encoding="UTF-8"?>
<!-- Generated by org.testng.reporters.JUnitXMLReporter -->
<testsuite hostname="Suji" ignored="0" name="Test" tests="6" failures="0" timestamp="15 Feb 2019 07:28:49 GMT" time="0.136" errors="0">
  <testcase name="Rtest" time="0.025" classname="sujithaacademy.RestTest"/>
  <testcase name="Rtest1" time="0.007" classname="sujithaacademy.RestTest"/>
  <testcase name="Atest" time="0.001" classname="sujithaacademy.AppiumTest"/>
  <testcase name="Atest1" time="0.0" classname="sujithaacademy.AppiumTest"/>
  <testcase name="Stest" time="0.001" classname="sujithaacademy.SeleniumTest"/>
  <testcase name="Stest1" time="0.002" classname="sujithaacademy.SeleniumTest"/>
</testsuite> <!-- Test -->
